\BOOKMARK [0][-]{chapter*.2}{\376\377\000P\000r\000e\000f\000a\000c\000e}{}% 1
\BOOKMARK [0][-]{chapter*.3}{\376\377\000C\000o\000n\000t\000e\000n\000t\000s}{}% 2
\BOOKMARK [0][-]{chapter*.4}{\376\377\000L\000i\000s\000t\000\040\000o\000f\000\040\000F\000i\000g\000u\000r\000e\000s}{}% 3
\BOOKMARK [0][-]{chapter.1}{\376\377\000I\000n\000t\000r\000o\000d\000u\000c\000t\000i\000o\000n}{}% 4
\BOOKMARK [1][-]{section.1.1}{\376\377\000T\000e\000r\000m\000i\000n\000o\000l\000o\000g\000y}{chapter.1}% 5
\BOOKMARK [1][-]{section.1.2}{\376\377\000R\000e\000s\000e\000a\000r\000c\000h\000\040\000Q\000u\000e\000s\000t\000i\000o\000n\000\050\000s\000\051}{chapter.1}% 6
\BOOKMARK [0][-]{chapter.2}{\376\377\000C\000h\000a\000p\000t\000e\000r\000\040\000T\000i\000t\000l\000e}{}% 7
\BOOKMARK [1][-]{section.2.1}{\376\377\000A\000\040\000s\000e\000c\000t\000i\000o\000n}{chapter.2}% 8
\BOOKMARK [1][-]{section.2.2}{\376\377\000A\000n\000o\000t\000h\000e\000r\000\040\000s\000e\000c\000t\000i\000o\000n}{chapter.2}% 9
\BOOKMARK [0][-]{chapter.3}{\376\377\000R\000e\000l\000a\000t\000e\000d\000\040\000W\000o\000r\000k}{}% 10
\BOOKMARK [1][-]{section.3.1}{\376\377\000R\000e\000l\000a\000t\000e\000d\000\040\000p\000a\000r\000t\000\040\000I}{chapter.3}% 11
\BOOKMARK [1][-]{section.3.2}{\376\377\000R\000e\000l\000a\000t\000e\000d\000\040\000p\000a\000r\000t\000\040\000I\000I}{chapter.3}% 12
\BOOKMARK [1][-]{section.3.3}{\376\377\000R\000e\000l\000a\000t\000e\000d\000\040\000p\000a\000r\000t\000\040\000I\000I\000I}{chapter.3}% 13
\BOOKMARK [0][-]{chapter.4}{\376\377\000C\000o\000n\000c\000l\000u\000s\000i\000o\000n\000s\000\040\000a\000n\000d\000\040\000F\000u\000t\000u\000r\000e\000\040\000W\000o\000r\000k}{}% 14
\BOOKMARK [1][-]{section.4.1}{\376\377\000C\000o\000n\000t\000r\000i\000b\000u\000t\000i\000o\000n\000s}{chapter.4}% 15
\BOOKMARK [1][-]{section.4.2}{\376\377\000C\000o\000n\000c\000l\000u\000s\000i\000o\000n\000s}{chapter.4}% 16
\BOOKMARK [1][-]{section.4.3}{\376\377\000D\000i\000s\000c\000u\000s\000s\000i\000o\000n\000/\000R\000e\000f\000l\000e\000c\000t\000i\000o\000n}{chapter.4}% 17
\BOOKMARK [1][-]{section.4.4}{\376\377\000F\000u\000t\000u\000r\000e\000\040\000w\000o\000r\000k}{chapter.4}% 18
\BOOKMARK [0][-]{chapter*.6}{\376\377\000B\000i\000b\000l\000i\000o\000g\000r\000a\000p\000h\000y}{}% 19
\BOOKMARK [0][-]{appendix.A}{\376\377\000G\000l\000o\000s\000s\000a\000r\000y}{}% 20
\BOOKMARK [0][-]{appendix.B}{\376\377\000R\000e\000q\000u\000i\000r\000e\000m\000e\000n\000t\000s\000\040\000a\000n\000d\000\040\000G\000u\000i\000d\000e\000l\000i\000n\000e\000s}{}% 21
\BOOKMARK [1][-]{section.B.1}{\376\377\000R\000e\000q\000u\000i\000r\000e\000m\000e\000n\000t\000s}{appendix.B}% 22
\BOOKMARK [1][-]{section.B.2}{\376\377\000G\000u\000i\000d\000e\000l\000i\000n\000e\000s}{appendix.B}% 23
